Using pre-set license
Built from '2020.3/staging' branch; Version is '2020.3.6f1 (338bb68529b2) revision 3378102'; Using compiler version '192528614'; Build Type 'Release'
OS: 'Windows 10 Home; OS build 19041.746; Version 2004; 64bit' Language: 'it' Physical Memory: 8089 MB
BatchMode: 1, IsHumanControllingUs: 0, StartBugReporterOnCrash: 0, Is64bit: 1, IsPro: 0

 COMMAND LINE ARGUMENTS:
C:\Program Files\Unity\Hub\Editor\2020.3.6f1\Editor\Unity.exe
-adb2
-batchMode
-noUpm
-name
AssetImportWorker0
-projectPath
C:/Users/ruber/PokemonMeme/unity2DPokemonMemeProject
-logFile
Logs/AssetImportWorker0.log
-srvPort
53061
Successfully changed project path to: C:/Users/ruber/PokemonMeme/unity2DPokemonMemeProject
C:/Users/ruber/PokemonMeme/unity2DPokemonMemeProject
Using Asset Import Pipeline V2.
Refreshing native plugins compatible for Editor in 136.64 ms, found 1 plugins.
Preloading 0 native plugins for Editor in 0.00 ms.
Initialize engine version: 2020.3.6f1 (338bb68529b2)
[Subsystems] Discovering subsystems at path C:/Program Files/Unity/Hub/Editor/2020.3.6f1/Editor/Data/Resources/UnitySubsystems
[Subsystems] Discovering subsystems at path C:/Users/ruber/PokemonMeme/unity2DPokemonMemeProject/Assets
GfxDevice: creating device client; threaded=0
Direct3D:
    Version:  Direct3D 11.0 [level 11.1]
    Renderer: Intel(R) UHD Graphics 620 (ID=0x5917)
    Vendor:   
    VRAM:     4044 MB
    Driver:   27.20.100.8854
Initialize mono
Mono path[0] = 'C:/Program Files/Unity/Hub/Editor/2020.3.6f1/Editor/Data/Managed'
Mono path[1] = 'C:/Program Files/Unity/Hub/Editor/2020.3.6f1/Editor/Data/MonoBleedingEdge/lib/mono/unityjit'
Mono config path = 'C:/Program Files/Unity/Hub/Editor/2020.3.6f1/Editor/Data/MonoBleedingEdge/etc'
Using monoOptions --debugger-agent=transport=dt_socket,embedding=1,server=y,suspend=n,address=127.0.0.1:56120
Begin MonoManager ReloadAssembly
Registering precompiled unity dll's ...
Register platform support module: C:/Program Files/Unity/Hub/Editor/2020.3.6f1/Editor/Data/PlaybackEngines/WebGLSupport/UnityEditor.WebGL.Extensions.dll
Register platform support module: C:/Program Files/Unity/Hub/Editor/2020.3.6f1/Editor/Data/PlaybackEngines/WindowsStandaloneSupport/UnityEditor.WindowsStandalone.Extensions.dll
Registered in 0.004371 seconds.
Native extension for WindowsStandalone target not found
Native extension for WebGL target not found
Refreshing native plugins compatible for Editor in 159.83 ms, found 1 plugins.
Preloading 0 native plugins for Editor in 0.00 ms.
Mono: successfully reloaded assembly
- Completed reload, in  1.458 seconds
Platform modules already initialized, skipping
Registering precompiled user dll's ...
Registered in 0.002572 seconds.
Begin MonoManager ReloadAssembly
Native extension for WindowsStandalone target not found
Native extension for WebGL target not found
Refreshing native plugins compatible for Editor in 111.21 ms, found 1 plugins.
Preloading 0 native plugins for Editor in 0.00 ms.
Mono: successfully reloaded assembly
- Completed reload, in  1.120 seconds
Platform modules already initialized, skipping
========================================================================
Worker process is ready to serve import requests
Launched and connected shader compiler UnityShaderCompiler.exe after 0.06 seconds
Refreshing native plugins compatible for Editor in 1.22 ms, found 1 plugins.
Preloading 0 native plugins for Editor in 0.00 ms.
Unloading 1814 Unused Serialized files (Serialized files now loaded: 0)
System memory in use before: 92.0 MB.
System memory in use after: 92.0 MB.

Unloading 18 unused Assets to reduce memory usage. Loaded Objects now: 2260.
Total: 2.495400 ms (FindLiveObjects: 0.218900 ms CreateObjectMapping: 0.062000 ms MarkObjects: 2.149300 ms  DeleteObjects: 0.063600 ms)

========================================================================
Received Import Request.
  path: Assets/VideoPlayer
  artifactKey: Guid(29b7467d986173946a932f53fb470ace) Importer(815301076,1909f56bfc062723c751e8b465ee728b)
Start importing Assets/VideoPlayer using Guid(29b7467d986173946a932f53fb470ace) Importer(815301076,1909f56bfc062723c751e8b465ee728b)  -> (artifact id: '7541875d6d8035f3f43dace26208332a') in 0.010242 seconds
  Import took 0.019750 seconds .

========================================================================
Received Import Request.
  Time since last request: 0.001472 seconds.
  path: Assets/VideoPlayer
  artifactKey: Guid(29b7467d986173946a932f53fb470ace) Importer(815301076,1909f56bfc062723c751e8b465ee728b)
Start importing Assets/VideoPlayer using Guid(29b7467d986173946a932f53fb470ace) Importer(815301076,1909f56bfc062723c751e8b465ee728b)  -> (artifact id: '7541875d6d8035f3f43dace26208332a') in 0.005260 seconds
  Import took 0.010133 seconds .

========================================================================
Received Import Request.
  Time since last request: 23.737568 seconds.
  path: Assets/VideoPlayer/New Render Texture.renderTexture
  artifactKey: Guid(4320632bcf8cf484e8275828193f24f3) Importer(815301076,1909f56bfc062723c751e8b465ee728b)
Start importing Assets/VideoPlayer/New Render Texture.renderTexture using Guid(4320632bcf8cf484e8275828193f24f3) Importer(815301076,1909f56bfc062723c751e8b465ee728b)  -> (artifact id: 'c5b686a4e55679ff151495a6b9e23758') in 0.097840 seconds
  Import took 0.101977 seconds .

========================================================================
Received Import Request.
  Time since last request: 30.446395 seconds.
  path: Assets/VideoPlayer/greenLeafIntro.mp4
  artifactKey: Guid(fb748b9b8d35e75478aa1b50f2b25cb9) Importer(815301076,1909f56bfc062723c751e8b465ee728b)
Start importing Assets/VideoPlayer/greenLeafIntro.mp4 using Guid(fb748b9b8d35e75478aa1b50f2b25cb9) Importer(815301076,1909f56bfc062723c751e8b465ee728b)  -> (artifact id: '4d8e6fa602f0127bfa6dab9de2a7aad0') in 0.016715 seconds
  Import took 0.026035 seconds .

========================================================================
Received Import Request.
  Time since last request: 0.004845 seconds.
  path: Assets/VideoPlayer/greenLeafIntro.mp4
  artifactKey: Guid(fb748b9b8d35e75478aa1b50f2b25cb9) Importer(815301076,1909f56bfc062723c751e8b465ee728b)
Start importing Assets/VideoPlayer/greenLeafIntro.mp4 using Guid(fb748b9b8d35e75478aa1b50f2b25cb9) Importer(815301076,1909f56bfc062723c751e8b465ee728b)  -> (artifact id: '4d8e6fa602f0127bfa6dab9de2a7aad0') in 0.006088 seconds
  Import took 0.015125 seconds .

========================================================================
Received Import Request.
  Time since last request: 1265.250467 seconds.
  path: Assets/VideoPlayer/VideoTexture.renderTexture
  artifactKey: Guid(4320632bcf8cf484e8275828193f24f3) Importer(815301076,1909f56bfc062723c751e8b465ee728b)
Start importing Assets/VideoPlayer/VideoTexture.renderTexture using Guid(4320632bcf8cf484e8275828193f24f3) Importer(815301076,1909f56bfc062723c751e8b465ee728b)  -> (artifact id: '23ad7725c5eb036e2e052f47b767c220') in 0.013628 seconds
  Import took 0.021868 seconds .

========================================================================
Received Import Request.
  Time since last request: 252.077630 seconds.
  path: ProjectSettings/TagManager.asset
  artifactKey: Guid(00000000000000003000000000000000) Importer(815301076,1909f56bfc062723c751e8b465ee728b)
Start importing ProjectSettings/TagManager.asset using Guid(00000000000000003000000000000000) Importer(815301076,1909f56bfc062723c751e8b465ee728b)  -> (artifact id: '9f84bbcf440c2f4a04b99ad8cf7fdacd') in 0.009216 seconds
  Import took 0.015504 seconds .

========================================================================
Received Import Request.
  Time since last request: 0.000481 seconds.
  path: ProjectSettings/TagManager.asset
  artifactKey: Guid(00000000000000003000000000000000) Importer(815301076,1909f56bfc062723c751e8b465ee728b)
Start importing ProjectSettings/TagManager.asset using Guid(00000000000000003000000000000000) Importer(815301076,1909f56bfc062723c751e8b465ee728b)  -> (artifact id: '9f84bbcf440c2f4a04b99ad8cf7fdacd') in 0.005481 seconds
  Import took 0.009470 seconds .

========================================================================
Received Prepare
Registering precompiled user dll's ...
Registered in 0.008826 seconds.
Begin MonoManager ReloadAssembly
Native extension for WindowsStandalone target not found
Native extension for WebGL target not found
Refreshing native plugins compatible for Editor in 1.39 ms, found 1 plugins.
Preloading 0 native plugins for Editor in 0.00 ms.
Mono: successfully reloaded assembly
- Completed reload, in  0.949 seconds
Platform modules already initialized, skipping
Refreshing native plugins compatible for Editor in 1.11 ms, found 1 plugins.
Preloading 0 native plugins for Editor in 0.00 ms.
Unloading 1803 Unused Serialized files (Serialized files now loaded: 0)
System memory in use before: 94.4 MB.
System memory in use after: 94.5 MB.

Unloading 9 unused Assets to reduce memory usage. Loaded Objects now: 2268.
Total: 2.312100 ms (FindLiveObjects: 0.184000 ms CreateObjectMapping: 0.059500 ms MarkObjects: 2.048400 ms  DeleteObjects: 0.018900 ms)

========================================================================
Received Import Request.
  Time since last request: 110.296001 seconds.
  path: Assets/VideoPlayer/VideoTexture.renderTexture
  artifactKey: Guid(4320632bcf8cf484e8275828193f24f3) Importer(815301076,1909f56bfc062723c751e8b465ee728b)
Start importing Assets/VideoPlayer/VideoTexture.renderTexture using Guid(4320632bcf8cf484e8275828193f24f3) Importer(815301076,1909f56bfc062723c751e8b465ee728b)  -> (artifact id: 'ec06c450f28d6d9ea38f3509159bd6fc') in 0.040777 seconds
  Import took 0.047940 seconds .

========================================================================
Received Prepare
Registering precompiled user dll's ...
Registered in 0.002184 seconds.
Begin MonoManager ReloadAssembly
Native extension for WindowsStandalone target not found
Native extension for WebGL target not found
Refreshing native plugins compatible for Editor in 1.54 ms, found 1 plugins.
Preloading 0 native plugins for Editor in 0.00 ms.
Mono: successfully reloaded assembly
- Completed reload, in  1.109 seconds
Platform modules already initialized, skipping
Refreshing native plugins compatible for Editor in 2.26 ms, found 1 plugins.
Preloading 0 native plugins for Editor in 0.00 ms.
Unloading 1803 Unused Serialized files (Serialized files now loaded: 0)
System memory in use before: 94.4 MB.
System memory in use after: 94.5 MB.

Unloading 7 unused Assets to reduce memory usage. Loaded Objects now: 2272.
Total: 2.472100 ms (FindLiveObjects: 0.224100 ms CreateObjectMapping: 0.071900 ms MarkObjects: 2.156500 ms  DeleteObjects: 0.017700 ms)

========================================================================
Received Import Request.
  Time since last request: 18.273190 seconds.
  path: Assets/VideoPlayer/VideoTexture.renderTexture
  artifactKey: Guid(4320632bcf8cf484e8275828193f24f3) Importer(815301076,1909f56bfc062723c751e8b465ee728b)
Start importing Assets/VideoPlayer/VideoTexture.renderTexture using Guid(4320632bcf8cf484e8275828193f24f3) Importer(815301076,1909f56bfc062723c751e8b465ee728b)  -> (artifact id: '3dce7056ea7f20f9d1af8614b7029cc7') in 0.036651 seconds
  Import took 0.045240 seconds .

========================================================================
Received Import Request.
  Time since last request: 29.497337 seconds.
  path: Packages/com.unity.ugui/Runtime/EventSystem/InputModules/PointerInputModule.cs
  artifactKey: Guid(cbab8835092323a4389f2dc7d8f6c781) Importer(815301076,1909f56bfc062723c751e8b465ee728b)
Start importing Packages/com.unity.ugui/Runtime/EventSystem/InputModules/PointerInputModule.cs using Guid(cbab8835092323a4389f2dc7d8f6c781) Importer(815301076,1909f56bfc062723c751e8b465ee728b)  -> (artifact id: 'd5b0d9bf59f262c7c5cb882480ca35fe') in 0.010821 seconds
  Import took 0.015936 seconds .

========================================================================
Received Import Request.
  Time since last request: 0.030293 seconds.
  path: Packages/com.unity.ugui/Runtime/EventSystem/InputModules/PointerInputModule.cs
  artifactKey: Guid(cbab8835092323a4389f2dc7d8f6c781) Importer(815301076,1909f56bfc062723c751e8b465ee728b)
Start importing Packages/com.unity.ugui/Runtime/EventSystem/InputModules/PointerInputModule.cs using Guid(cbab8835092323a4389f2dc7d8f6c781) Importer(815301076,1909f56bfc062723c751e8b465ee728b)  -> (artifact id: 'd5b0d9bf59f262c7c5cb882480ca35fe') in 0.006117 seconds
  Import took 0.010436 seconds .

========================================================================
Received Import Request.
  Time since last request: 14.991496 seconds.
  path: Packages/com.unity.ugui/package.json
  artifactKey: Guid(319b8889f363f5947acf209c17a94149) Importer(815301076,1909f56bfc062723c751e8b465ee728b)
Start importing Packages/com.unity.ugui/package.json using Guid(319b8889f363f5947acf209c17a94149) Importer(815301076,1909f56bfc062723c751e8b465ee728b)  -> (artifact id: '3b328bf4b7d784ea295633f5ae8cc7be') in 0.011221 seconds
  Import took 0.017176 seconds .

========================================================================
Received Prepare
Registering precompiled user dll's ...
Registered in 0.002422 seconds.
Begin MonoManager ReloadAssembly
Native extension for WindowsStandalone target not found
Native extension for WebGL target not found
Refreshing native plugins compatible for Editor in 1.19 ms, found 1 plugins.
Preloading 0 native plugins for Editor in 0.00 ms.
Mono: successfully reloaded assembly
- Completed reload, in  1.003 seconds
Platform modules already initialized, skipping
Refreshing native plugins compatible for Editor in 1.25 ms, found 1 plugins.
Preloading 0 native plugins for Editor in 0.00 ms.
Unloading 1803 Unused Serialized files (Serialized files now loaded: 0)
System memory in use before: 94.5 MB.
System memory in use after: 94.6 MB.

Unloading 7 unused Assets to reduce memory usage. Loaded Objects now: 2276.
Total: 2.460200 ms (FindLiveObjects: 0.194400 ms CreateObjectMapping: 0.065500 ms MarkObjects: 2.181500 ms  DeleteObjects: 0.017400 ms)

========================================================================
Received Import Request.
  Time since last request: 17.666461 seconds.
  path: Assets/VideoPlayer/VideoTexture.renderTexture
  artifactKey: Guid(4320632bcf8cf484e8275828193f24f3) Importer(815301076,1909f56bfc062723c751e8b465ee728b)
Start importing Assets/VideoPlayer/VideoTexture.renderTexture using Guid(4320632bcf8cf484e8275828193f24f3) Importer(815301076,1909f56bfc062723c751e8b465ee728b)  -> (artifact id: 'b001be8a349faf7fb91c315573a3177a') in 0.066312 seconds
  Import took 0.077421 seconds .

========================================================================
Received Prepare
Registering precompiled user dll's ...
Registered in 0.002553 seconds.
Begin MonoManager ReloadAssembly
Native extension for WindowsStandalone target not found
Native extension for WebGL target not found
Refreshing native plugins compatible for Editor in 1.33 ms, found 1 plugins.
Preloading 0 native plugins for Editor in 0.00 ms.
Mono: successfully reloaded assembly
- Completed reload, in  0.923 seconds
Platform modules already initialized, skipping
Refreshing native plugins compatible for Editor in 1.33 ms, found 1 plugins.
Preloading 0 native plugins for Editor in 0.00 ms.
Unloading 1803 Unused Serialized files (Serialized files now loaded: 0)
System memory in use before: 94.5 MB.
System memory in use after: 94.6 MB.

Unloading 7 unused Assets to reduce memory usage. Loaded Objects now: 2279.
Total: 2.277600 ms (FindLiveObjects: 0.221400 ms CreateObjectMapping: 0.061100 ms MarkObjects: 1.977500 ms  DeleteObjects: 0.016100 ms)

========================================================================
Received Import Request.
  Time since last request: 19.534276 seconds.
  path: Assets/VideoPlayer/VideoTexture.renderTexture
  artifactKey: Guid(4320632bcf8cf484e8275828193f24f3) Importer(815301076,1909f56bfc062723c751e8b465ee728b)
Start importing Assets/VideoPlayer/VideoTexture.renderTexture using Guid(4320632bcf8cf484e8275828193f24f3) Importer(815301076,1909f56bfc062723c751e8b465ee728b)  -> (artifact id: '88b4e68c58aa0fecf5907bb3504315fc') in 0.036525 seconds
  Import took 0.045792 seconds .

========================================================================
Received Import Request.
  Time since last request: 0.024626 seconds.
  path: Assets/VideoPlayer/VideoTexture.renderTexture
  artifactKey: Guid(4320632bcf8cf484e8275828193f24f3) Importer(815301076,1909f56bfc062723c751e8b465ee728b)
Start importing Assets/VideoPlayer/VideoTexture.renderTexture using Guid(4320632bcf8cf484e8275828193f24f3) Importer(815301076,1909f56bfc062723c751e8b465ee728b)  -> (artifact id: '88b4e68c58aa0fecf5907bb3504315fc') in 0.010119 seconds
  Import took 0.014612 seconds .

========================================================================
Received Prepare
Registering precompiled user dll's ...
Registered in 0.002368 seconds.
Begin MonoManager ReloadAssembly
Native extension for WindowsStandalone target not found
Native extension for WebGL target not found
Refreshing native plugins compatible for Editor in 1.23 ms, found 1 plugins.
Preloading 0 native plugins for Editor in 0.00 ms.
Mono: successfully reloaded assembly
- Completed reload, in  0.971 seconds
Platform modules already initialized, skipping
Refreshing native plugins compatible for Editor in 1.22 ms, found 1 plugins.
Preloading 0 native plugins for Editor in 0.00 ms.
Unloading 1803 Unused Serialized files (Serialized files now loaded: 0)
System memory in use before: 94.5 MB.
System memory in use after: 94.6 MB.

Unloading 7 unused Assets to reduce memory usage. Loaded Objects now: 2282.
Total: 2.350200 ms (FindLiveObjects: 0.202300 ms CreateObjectMapping: 0.078100 ms MarkObjects: 2.047400 ms  DeleteObjects: 0.021100 ms)

========================================================================
Received Prepare
Registering precompiled user dll's ...
Registered in 0.002364 seconds.
Begin MonoManager ReloadAssembly
Native extension for WindowsStandalone target not found
Native extension for WebGL target not found
Refreshing native plugins compatible for Editor in 1.24 ms, found 1 plugins.
Preloading 0 native plugins for Editor in 0.00 ms.
Mono: successfully reloaded assembly
- Completed reload, in  0.937 seconds
Platform modules already initialized, skipping
Refreshing native plugins compatible for Editor in 1.24 ms, found 1 plugins.
Preloading 0 native plugins for Editor in 0.00 ms.
Unloading 1803 Unused Serialized files (Serialized files now loaded: 0)
System memory in use before: 94.5 MB.
System memory in use after: 94.6 MB.

Unloading 7 unused Assets to reduce memory usage. Loaded Objects now: 2285.
Total: 2.209300 ms (FindLiveObjects: 0.238100 ms CreateObjectMapping: 0.077900 ms MarkObjects: 1.875100 ms  DeleteObjects: 0.016700 ms)

========================================================================
Received Prepare
Registering precompiled user dll's ...
Registered in 0.005673 seconds.
Begin MonoManager ReloadAssembly
Native extension for WindowsStandalone target not found
Native extension for WebGL target not found
Refreshing native plugins compatible for Editor in 1.32 ms, found 1 plugins.
Preloading 0 native plugins for Editor in 0.00 ms.
Mono: successfully reloaded assembly
- Completed reload, in  1.352 seconds
Platform modules already initialized, skipping
Refreshing native plugins compatible for Editor in 1.23 ms, found 1 plugins.
Preloading 0 native plugins for Editor in 0.00 ms.
Unloading 1803 Unused Serialized files (Serialized files now loaded: 0)
System memory in use before: 94.5 MB.
System memory in use after: 94.6 MB.

Unloading 7 unused Assets to reduce memory usage. Loaded Objects now: 2288.
Total: 3.338500 ms (FindLiveObjects: 0.486600 ms CreateObjectMapping: 0.141800 ms MarkObjects: 2.687800 ms  DeleteObjects: 0.020000 ms)

========================================================================
Received Prepare
Registering precompiled user dll's ...
Registered in 0.005218 seconds.
Begin MonoManager ReloadAssembly
Native extension for WindowsStandalone target not found
Native extension for WebGL target not found
Refreshing native plugins compatible for Editor in 3.25 ms, found 1 plugins.
Preloading 0 native plugins for Editor in 0.00 ms.
Mono: successfully reloaded assembly
- Completed reload, in  1.889 seconds
Platform modules already initialized, skipping
Refreshing native plugins compatible for Editor in 2.64 ms, found 1 plugins.
Preloading 0 native plugins for Editor in 0.00 ms.
Unloading 1803 Unused Serialized files (Serialized files now loaded: 0)
System memory in use before: 94.5 MB.
System memory in use after: 94.6 MB.

Unloading 7 unused Assets to reduce memory usage. Loaded Objects now: 2291.
Total: 4.525500 ms (FindLiveObjects: 0.402900 ms CreateObjectMapping: 0.140400 ms MarkObjects: 3.941900 ms  DeleteObjects: 0.036700 ms)

========================================================================
Received Import Request.
  Time since last request: 340.785375 seconds.
  path: Assets/VideoPlayer/VideoTexture.renderTexture
  artifactKey: Guid(4320632bcf8cf484e8275828193f24f3) Importer(815301076,1909f56bfc062723c751e8b465ee728b)
Start importing Assets/VideoPlayer/VideoTexture.renderTexture using Guid(4320632bcf8cf484e8275828193f24f3) Importer(815301076,1909f56bfc062723c751e8b465ee728b)  -> (artifact id: '3d4af69eb7b63fb8f36abae8db9b0004') in 0.038264 seconds
  Import took 0.044075 seconds .

========================================================================
Received Prepare
Registering precompiled user dll's ...
Registered in 0.002675 seconds.
Begin MonoManager ReloadAssembly
Native extension for WindowsStandalone target not found
Native extension for WebGL target not found
Refreshing native plugins compatible for Editor in 1.63 ms, found 1 plugins.
Preloading 0 native plugins for Editor in 0.00 ms.
Mono: successfully reloaded assembly
- Completed reload, in  0.954 seconds
Platform modules already initialized, skipping
Refreshing native plugins compatible for Editor in 1.30 ms, found 1 plugins.
Preloading 0 native plugins for Editor in 0.00 ms.
Unloading 1803 Unused Serialized files (Serialized files now loaded: 0)
System memory in use before: 94.5 MB.
System memory in use after: 94.6 MB.

Unloading 7 unused Assets to reduce memory usage. Loaded Objects now: 2295.
Total: 2.391800 ms (FindLiveObjects: 0.221000 ms CreateObjectMapping: 0.059600 ms MarkObjects: 2.093000 ms  DeleteObjects: 0.016700 ms)

========================================================================
Received Prepare
Registering precompiled user dll's ...
Registered in 0.002601 seconds.
Begin MonoManager ReloadAssembly
Native extension for WindowsStandalone target not found
Native extension for WebGL target not found
Refreshing native plugins compatible for Editor in 1.41 ms, found 1 plugins.
Preloading 0 native plugins for Editor in 0.00 ms.
Mono: successfully reloaded assembly
- Completed reload, in  0.924 seconds
Platform modules already initialized, skipping
Refreshing native plugins compatible for Editor in 1.26 ms, found 1 plugins.
Preloading 0 native plugins for Editor in 0.00 ms.
Unloading 1803 Unused Serialized files (Serialized files now loaded: 0)
System memory in use before: 94.5 MB.
System memory in use after: 94.6 MB.

Unloading 7 unused Assets to reduce memory usage. Loaded Objects now: 2298.
Total: 2.270400 ms (FindLiveObjects: 0.184000 ms CreateObjectMapping: 0.064100 ms MarkObjects: 2.005500 ms  DeleteObjects: 0.014600 ms)

========================================================================
Received Import Request.
  Time since last request: 540.892948 seconds.
  path: Assets/VideoPlayer/New Scene.unity
  artifactKey: Guid(2ba261611ed54074aa475ebb8d4d69cc) Importer(815301076,1909f56bfc062723c751e8b465ee728b)
Start importing Assets/VideoPlayer/New Scene.unity using Guid(2ba261611ed54074aa475ebb8d4d69cc) Importer(815301076,1909f56bfc062723c751e8b465ee728b)  -> (artifact id: '5c5093ada51c144d7662d96ced3a7eaa') in 0.019325 seconds
  Import took 0.029009 seconds .

========================================================================
Received Import Request.
  Time since last request: 11.272894 seconds.
  path: Assets/Scenes
  artifactKey: Guid(d1b926ba6d838e44884f80c0eb9b6232) Importer(815301076,1909f56bfc062723c751e8b465ee728b)
Start importing Assets/Scenes using Guid(d1b926ba6d838e44884f80c0eb9b6232) Importer(815301076,1909f56bfc062723c751e8b465ee728b)  -> (artifact id: '05e88a58daebb00befbdeabaa1064e2d') in 0.006904 seconds
  Import took 0.016621 seconds .

========================================================================
Received Import Request.
  Time since last request: 15.829233 seconds.
  path: Assets/Scenes/IntroScene.unity
  artifactKey: Guid(6e7a06cace5ef8e458d8632d9898dc0f) Importer(815301076,1909f56bfc062723c751e8b465ee728b)
Start importing Assets/Scenes/IntroScene.unity using Guid(6e7a06cace5ef8e458d8632d9898dc0f) Importer(815301076,1909f56bfc062723c751e8b465ee728b)  -> (artifact id: 'f82cbff4aaee89cd93eb003a3bff1cbb') in 0.009907 seconds
  Import took 0.019660 seconds .

========================================================================
Received Import Request.
  Time since last request: 0.004986 seconds.
  path: Assets/Scenes/IntroScene.unity
  artifactKey: Guid(6e7a06cace5ef8e458d8632d9898dc0f) Importer(815301076,1909f56bfc062723c751e8b465ee728b)
Start importing Assets/Scenes/IntroScene.unity using Guid(6e7a06cace5ef8e458d8632d9898dc0f) Importer(815301076,1909f56bfc062723c751e8b465ee728b)  -> (artifact id: 'f82cbff4aaee89cd93eb003a3bff1cbb') in 0.005879 seconds
  Import took 0.010809 seconds .

========================================================================
Received Import Request.
  Time since last request: 8.013508 seconds.
  path: Assets/Scenes/SampleScene.unity
  artifactKey: Guid(2cda990e2423bbf4892e6590ba056729) Importer(815301076,1909f56bfc062723c751e8b465ee728b)
Start importing Assets/Scenes/SampleScene.unity using Guid(2cda990e2423bbf4892e6590ba056729) Importer(815301076,1909f56bfc062723c751e8b465ee728b)  -> (artifact id: '53e917d084144d2f6879aec698f599a5') in 0.007315 seconds
  Import took 0.013846 seconds .

========================================================================
Received Import Request.
  Time since last request: 0.003048 seconds.
  path: Assets/Scenes/SampleScene.unity
  artifactKey: Guid(2cda990e2423bbf4892e6590ba056729) Importer(815301076,1909f56bfc062723c751e8b465ee728b)
Start importing Assets/Scenes/SampleScene.unity using Guid(2cda990e2423bbf4892e6590ba056729) Importer(815301076,1909f56bfc062723c751e8b465ee728b)  -> (artifact id: '53e917d084144d2f6879aec698f599a5') in 0.005668 seconds
  Import took 0.010966 seconds .

========================================================================
Received Prepare
Registering precompiled user dll's ...
Registered in 0.002528 seconds.
Begin MonoManager ReloadAssembly
Native extension for WindowsStandalone target not found
Native extension for WebGL target not found
Refreshing native plugins compatible for Editor in 1.17 ms, found 1 plugins.
Preloading 0 native plugins for Editor in 0.00 ms.
Mono: successfully reloaded assembly
- Completed reload, in  0.966 seconds
Platform modules already initialized, skipping
Refreshing native plugins compatible for Editor in 1.27 ms, found 1 plugins.
Preloading 0 native plugins for Editor in 0.00 ms.
Unloading 1803 Unused Serialized files (Serialized files now loaded: 0)
System memory in use before: 94.6 MB.
System memory in use after: 94.7 MB.

Unloading 7 unused Assets to reduce memory usage. Loaded Objects now: 2301.
Total: 2.276400 ms (FindLiveObjects: 0.215600 ms CreateObjectMapping: 0.073700 ms MarkObjects: 1.963900 ms  DeleteObjects: 0.021600 ms)

========================================================================
Received Import Request.
  Time since last request: 242.379820 seconds.
  path: Assets/Scenes/SampleScene.unity
  artifactKey: Guid(2cda990e2423bbf4892e6590ba056729) Importer(815301076,1909f56bfc062723c751e8b465ee728b)
Start importing Assets/Scenes/SampleScene.unity using Guid(2cda990e2423bbf4892e6590ba056729) Importer(815301076,1909f56bfc062723c751e8b465ee728b)  -> (artifact id: '5c53f0f731d4c70b2a59ed46712655a0') in 0.014791 seconds
  Import took 0.018974 seconds .

========================================================================
Received Import Request.
  Time since last request: 1.489871 seconds.
  path: Assets/Scenes/IntroScene.unity
  artifactKey: Guid(6e7a06cace5ef8e458d8632d9898dc0f) Importer(815301076,1909f56bfc062723c751e8b465ee728b)
Start importing Assets/Scenes/IntroScene.unity using Guid(6e7a06cace5ef8e458d8632d9898dc0f) Importer(815301076,1909f56bfc062723c751e8b465ee728b)  -> (artifact id: 'a432cca68a4f1e9e20124ddc4398b61c') in 0.008624 seconds
  Import took 0.019634 seconds .

========================================================================
Received Prepare
Registering precompiled user dll's ...
Registered in 0.002584 seconds.
Begin MonoManager ReloadAssembly
Native extension for WindowsStandalone target not found
Native extension for WebGL target not found
Refreshing native plugins compatible for Editor in 1.53 ms, found 1 plugins.
Preloading 0 native plugins for Editor in 0.00 ms.
Mono: successfully reloaded assembly
- Completed reload, in  0.958 seconds
Platform modules already initialized, skipping
Refreshing native plugins compatible for Editor in 1.12 ms, found 1 plugins.
Preloading 0 native plugins for Editor in 0.00 ms.
Unloading 1803 Unused Serialized files (Serialized files now loaded: 0)
System memory in use before: 94.6 MB.
System memory in use after: 94.7 MB.

Unloading 7 unused Assets to reduce memory usage. Loaded Objects now: 2304.
Total: 2.416000 ms (FindLiveObjects: 0.201900 ms CreateObjectMapping: 0.076200 ms MarkObjects: 2.118700 ms  DeleteObjects: 0.017900 ms)

========================================================================
Received Prepare
Registering precompiled user dll's ...
Registered in 0.002426 seconds.
Begin MonoManager ReloadAssembly
Native extension for WindowsStandalone target not found
Native extension for WebGL target not found
Refreshing native plugins compatible for Editor in 1.23 ms, found 1 plugins.
Preloading 0 native plugins for Editor in 0.00 ms.
Mono: successfully reloaded assembly
- Completed reload, in  0.953 seconds
Platform modules already initialized, skipping
Refreshing native plugins compatible for Editor in 1.23 ms, found 1 plugins.
Preloading 0 native plugins for Editor in 0.00 ms.
Unloading 1803 Unused Serialized files (Serialized files now loaded: 0)
System memory in use before: 94.6 MB.
System memory in use after: 94.7 MB.

Unloading 7 unused Assets to reduce memory usage. Loaded Objects now: 2307.
Total: 2.609600 ms (FindLiveObjects: 0.338000 ms CreateObjectMapping: 0.115600 ms MarkObjects: 2.135300 ms  DeleteObjects: 0.019500 ms)

========================================================================
Received Import Request.
  Time since last request: 55.297047 seconds.
  path: Assets/Scenes/SampleScene.unity
  artifactKey: Guid(2cda990e2423bbf4892e6590ba056729) Importer(815301076,1909f56bfc062723c751e8b465ee728b)
Start importing Assets/Scenes/SampleScene.unity using Guid(2cda990e2423bbf4892e6590ba056729) Importer(815301076,1909f56bfc062723c751e8b465ee728b)  -> (artifact id: 'be31c5689c127b8315eb821e1c8b3e1b') in 0.014288 seconds
  Import took 0.023348 seconds .

========================================================================
Received Import Request.
  Time since last request: 68.657233 seconds.
  path: Assets/Scenes/IntroScene.unity
  artifactKey: Guid(6e7a06cace5ef8e458d8632d9898dc0f) Importer(815301076,1909f56bfc062723c751e8b465ee728b)
Start importing Assets/Scenes/IntroScene.unity using Guid(6e7a06cace5ef8e458d8632d9898dc0f) Importer(815301076,1909f56bfc062723c751e8b465ee728b)  -> (artifact id: '9260470177acd1e5e1342c70f98c4acf') in 0.008429 seconds
  Import took 0.014429 seconds .

========================================================================
Received Import Request.
  Time since last request: 23.479136 seconds.
  path: Assets/Scripts/Scenes
  artifactKey: Guid(aecf2a43edc9ec84aa6fc66f06140f22) Importer(815301076,1909f56bfc062723c751e8b465ee728b)
Start importing Assets/Scripts/Scenes using Guid(aecf2a43edc9ec84aa6fc66f06140f22) Importer(815301076,1909f56bfc062723c751e8b465ee728b)  -> (artifact id: '5a3781b1ccc9326111676276b17df539') in 0.006134 seconds
  Import took 0.014365 seconds .

========================================================================
Received Import Request.
  Time since last request: 194.852712 seconds.
  path: Assets/Scripts/Main_menu
  artifactKey: Guid(aecf2a43edc9ec84aa6fc66f06140f22) Importer(815301076,1909f56bfc062723c751e8b465ee728b)
Start importing Assets/Scripts/Main_menu using Guid(aecf2a43edc9ec84aa6fc66f06140f22) Importer(815301076,1909f56bfc062723c751e8b465ee728b)  -> (artifact id: '9b308f09e65d5e97a32ea0841ca5a622') in 0.007174 seconds
  Import took 0.013265 seconds .

========================================================================
Received Import Request.
  Time since last request: 9.157233 seconds.
  path: Assets/Scripts/Main_menu/MainMenu.cs
  artifactKey: Guid(f4a28074322f9254e921cd39727e623f) Importer(815301076,1909f56bfc062723c751e8b465ee728b)
Start importing Assets/Scripts/Main_menu/MainMenu.cs using Guid(f4a28074322f9254e921cd39727e623f) Importer(815301076,1909f56bfc062723c751e8b465ee728b)  -> (artifact id: 'e7f4a3e20da746c6465d939278c54089') in 0.009749 seconds
  Import took 0.015243 seconds .

========================================================================
Received Prepare
Registering precompiled user dll's ...
Registered in 0.006083 seconds.
Begin MonoManager ReloadAssembly
Native extension for WindowsStandalone target not found
Native extension for WebGL target not found
Refreshing native plugins compatible for Editor in 1.11 ms, found 1 plugins.
Preloading 0 native plugins for Editor in 0.00 ms.
Mono: successfully reloaded assembly
- Completed reload, in  1.130 seconds
Platform modules already initialized, skipping
Refreshing native plugins compatible for Editor in 1.30 ms, found 1 plugins.
Preloading 0 native plugins for Editor in 0.00 ms.
Unloading 1803 Unused Serialized files (Serialized files now loaded: 0)
System memory in use before: 94.6 MB.
System memory in use after: 94.7 MB.

Unloading 7 unused Assets to reduce memory usage. Loaded Objects now: 2310.
Total: 5.201900 ms (FindLiveObjects: 0.668300 ms CreateObjectMapping: 0.286100 ms MarkObjects: 4.099400 ms  DeleteObjects: 0.140400 ms)

========================================================================
Received Prepare
Registering precompiled user dll's ...
Registered in 0.003554 seconds.
Begin MonoManager ReloadAssembly
Native extension for WindowsStandalone target not found
Native extension for WebGL target not found
Refreshing native plugins compatible for Editor in 1.12 ms, found 1 plugins.
Preloading 0 native plugins for Editor in 0.00 ms.
Mono: successfully reloaded assembly
- Completed reload, in  1.765 seconds
Platform modules already initialized, skipping
Refreshing native plugins compatible for Editor in 1.49 ms, found 1 plugins.
Preloading 0 native plugins for Editor in 0.00 ms.
Unloading 1803 Unused Serialized files (Serialized files now loaded: 0)
System memory in use before: 94.6 MB.
System memory in use after: 94.7 MB.

Unloading 7 unused Assets to reduce memory usage. Loaded Objects now: 2313.
Total: 2.230800 ms (FindLiveObjects: 0.169800 ms CreateObjectMapping: 0.056000 ms MarkObjects: 1.987800 ms  DeleteObjects: 0.016000 ms)

========================================================================
Received Prepare
Registering precompiled user dll's ...
Registered in 0.002396 seconds.
Begin MonoManager ReloadAssembly
Native extension for WindowsStandalone target not found
Native extension for WebGL target not found
Refreshing native plugins compatible for Editor in 1.49 ms, found 1 plugins.
Preloading 0 native plugins for Editor in 0.00 ms.
Mono: successfully reloaded assembly
- Completed reload, in  1.797 seconds
Platform modules already initialized, skipping
Refreshing native plugins compatible for Editor in 3.71 ms, found 1 plugins.
Preloading 0 native plugins for Editor in 0.00 ms.
Unloading 1804 Unused Serialized files (Serialized files now loaded: 0)
System memory in use before: 94.6 MB.
System memory in use after: 94.7 MB.

Unloading 7 unused Assets to reduce memory usage. Loaded Objects now: 2317.
Total: 3.085300 ms (FindLiveObjects: 0.712000 ms CreateObjectMapping: 0.201300 ms MarkObjects: 2.145200 ms  DeleteObjects: 0.023900 ms)

========================================================================
Received Import Request.
  Time since last request: 333.024672 seconds.
  path: Assets/Scripts/Main_menu/VIdeoController.cs
  artifactKey: Guid(58f8b28101c79924bbf36bce83ea97be) Importer(815301076,1909f56bfc062723c751e8b465ee728b)
Start importing Assets/Scripts/Main_menu/VIdeoController.cs using Guid(58f8b28101c79924bbf36bce83ea97be) Importer(815301076,1909f56bfc062723c751e8b465ee728b)  -> (artifact id: 'fc57fd8a27880bb9c0704ffd7fefa14b') in 0.011021 seconds
  Import took 0.020848 seconds .

========================================================================
Received Prepare
Registering precompiled user dll's ...
Registered in 0.003136 seconds.
Begin MonoManager ReloadAssembly
Native extension for WindowsStandalone target not found
Native extension for WebGL target not found
Refreshing native plugins compatible for Editor in 1.15 ms, found 1 plugins.
Preloading 0 native plugins for Editor in 0.00 ms.
Mono: successfully reloaded assembly
- Completed reload, in  1.450 seconds
Platform modules already initialized, skipping
Refreshing native plugins compatible for Editor in 1.12 ms, found 1 plugins.
Preloading 0 native plugins for Editor in 0.00 ms.
Unloading 1805 Unused Serialized files (Serialized files now loaded: 0)
System memory in use before: 94.7 MB.
System memory in use after: 94.8 MB.

Unloading 7 unused Assets to reduce memory usage. Loaded Objects now: 2321.
Total: 3.259500 ms (FindLiveObjects: 0.354200 ms CreateObjectMapping: 0.097700 ms MarkObjects: 2.787800 ms  DeleteObjects: 0.018200 ms)

========================================================================
Received Import Request.
  Time since last request: 19.088837 seconds.
  path: Assets/VideoController.cs
  artifactKey: Guid(5892113623a333c4b8cfa03d74fc73a1) Importer(815301076,1909f56bfc062723c751e8b465ee728b)
Start importing Assets/VideoController.cs using Guid(5892113623a333c4b8cfa03d74fc73a1) Importer(815301076,1909f56bfc062723c751e8b465ee728b)  -> (artifact id: '72d40c0f8f80763edd66827453e4f36c') in 0.010860 seconds
  Import took 0.019457 seconds .

========================================================================
Received Prepare
Registering precompiled user dll's ...
Registered in 0.003365 seconds.
Begin MonoManager ReloadAssembly
Native extension for WindowsStandalone target not found
Native extension for WebGL target not found
Refreshing native plugins compatible for Editor in 1.35 ms, found 1 plugins.
Preloading 0 native plugins for Editor in 0.00 ms.
Mono: successfully reloaded assembly
- Completed reload, in  0.942 seconds
Platform modules already initialized, skipping
Refreshing native plugins compatible for Editor in 2.18 ms, found 1 plugins.
Preloading 0 native plugins for Editor in 0.00 ms.
Unloading 1804 Unused Serialized files (Serialized files now loaded: 0)
System memory in use before: 94.6 MB.
System memory in use after: 94.8 MB.

Unloading 8 unused Assets to reduce memory usage. Loaded Objects now: 2323.
Total: 2.262000 ms (FindLiveObjects: 0.367900 ms CreateObjectMapping: 0.183100 ms MarkObjects: 1.689000 ms  DeleteObjects: 0.020200 ms)

========================================================================
Received Import Request.
  Time since last request: 26.991123 seconds.
  path: Assets/Scripts/Main_menu/VideoController.cs
  artifactKey: Guid(58f8b28101c79924bbf36bce83ea97be) Importer(815301076,1909f56bfc062723c751e8b465ee728b)
Start importing Assets/Scripts/Main_menu/VideoController.cs using Guid(58f8b28101c79924bbf36bce83ea97be) Importer(815301076,1909f56bfc062723c751e8b465ee728b)  -> (artifact id: '9d880137c4abd56080869e231e182b3e') in 0.075231 seconds
  Import took 0.103462 seconds .

========================================================================
Received Prepare
Registering precompiled user dll's ...
Registered in 0.002405 seconds.
Begin MonoManager ReloadAssembly
Native extension for WindowsStandalone target not found
Native extension for WebGL target not found
Refreshing native plugins compatible for Editor in 1.27 ms, found 1 plugins.
Preloading 0 native plugins for Editor in 0.00 ms.
Mono: successfully reloaded assembly
- Completed reload, in  1.018 seconds
Platform modules already initialized, skipping
Refreshing native plugins compatible for Editor in 1.39 ms, found 1 plugins.
Preloading 0 native plugins for Editor in 0.00 ms.
Unloading 1804 Unused Serialized files (Serialized files now loaded: 0)
System memory in use before: 94.6 MB.
System memory in use after: 94.8 MB.

Unloading 7 unused Assets to reduce memory usage. Loaded Objects now: 2326.
Total: 2.611100 ms (FindLiveObjects: 0.217200 ms CreateObjectMapping: 0.068900 ms MarkObjects: 2.305100 ms  DeleteObjects: 0.018600 ms)

========================================================================
Received Prepare
Registering precompiled user dll's ...
Registered in 0.003246 seconds.
Begin MonoManager ReloadAssembly
Native extension for WindowsStandalone target not found
Native extension for WebGL target not found
Refreshing native plugins compatible for Editor in 2.90 ms, found 1 plugins.
Preloading 0 native plugins for Editor in 0.00 ms.
Mono: successfully reloaded assembly
- Completed reload, in  1.658 seconds
Platform modules already initialized, skipping
Refreshing native plugins compatible for Editor in 1.20 ms, found 1 plugins.
Preloading 0 native plugins for Editor in 0.00 ms.
Unloading 1805 Unused Serialized files (Serialized files now loaded: 0)
System memory in use before: 94.7 MB.
System memory in use after: 94.8 MB.

Unloading 7 unused Assets to reduce memory usage. Loaded Objects now: 2330.
Total: 3.547000 ms (FindLiveObjects: 0.718500 ms CreateObjectMapping: 0.195000 ms MarkObjects: 2.613600 ms  DeleteObjects: 0.018100 ms)

========================================================================
Received Prepare
Registering precompiled user dll's ...
Registered in 0.003602 seconds.
Begin MonoManager ReloadAssembly
Native extension for WindowsStandalone target not found
Native extension for WebGL target not found
Refreshing native plugins compatible for Editor in 1.66 ms, found 1 plugins.
Preloading 0 native plugins for Editor in 0.00 ms.
Mono: successfully reloaded assembly
- Completed reload, in  1.759 seconds
Platform modules already initialized, skipping
Refreshing native plugins compatible for Editor in 1.10 ms, found 1 plugins.
Preloading 0 native plugins for Editor in 0.00 ms.
Unloading 1804 Unused Serialized files (Serialized files now loaded: 0)
System memory in use before: 94.7 MB.
System memory in use after: 94.8 MB.

Unloading 8 unused Assets to reduce memory usage. Loaded Objects now: 2332.
Total: 2.029500 ms (FindLiveObjects: 0.175600 ms CreateObjectMapping: 0.058600 ms MarkObjects: 1.777000 ms  DeleteObjects: 0.017200 ms)

========================================================================
Received Prepare
Registering precompiled user dll's ...
Registered in 0.003086 seconds.
Begin MonoManager ReloadAssembly
Native extension for WindowsStandalone target not found
Native extension for WebGL target not found
Refreshing native plugins compatible for Editor in 1.23 ms, found 1 plugins.
Preloading 0 native plugins for Editor in 0.00 ms.
Mono: successfully reloaded assembly
- Completed reload, in  0.957 seconds
Platform modules already initialized, skipping
Refreshing native plugins compatible for Editor in 1.13 ms, found 1 plugins.
Preloading 0 native plugins for Editor in 0.00 ms.
Unloading 1804 Unused Serialized files (Serialized files now loaded: 0)
System memory in use before: 94.7 MB.
System memory in use after: 94.8 MB.

Unloading 7 unused Assets to reduce memory usage. Loaded Objects now: 2335.
Total: 2.162000 ms (FindLiveObjects: 0.175600 ms CreateObjectMapping: 0.064300 ms MarkObjects: 1.905400 ms  DeleteObjects: 0.015200 ms)

========================================================================
Received Import Request.
  Time since last request: 111.765408 seconds.
  path: Assets/Scripts/Main_menu/VideoController.cs
  artifactKey: Guid(58f8b28101c79924bbf36bce83ea97be) Importer(815301076,1909f56bfc062723c751e8b465ee728b)
Start importing Assets/Scripts/Main_menu/VideoController.cs using Guid(58f8b28101c79924bbf36bce83ea97be) Importer(815301076,1909f56bfc062723c751e8b465ee728b)  -> (artifact id: '5633b93623ac64484c12de5dbbaa8c0b') in 0.007433 seconds
  Import took 0.017958 seconds .

========================================================================
Received Import Request.
  Time since last request: 204.875312 seconds.
  path: Assets/Scripts/Player/PlayerController.cs
  artifactKey: Guid(03f252a25adb632408035c07d4b84195) Importer(815301076,1909f56bfc062723c751e8b465ee728b)
Start importing Assets/Scripts/Player/PlayerController.cs using Guid(03f252a25adb632408035c07d4b84195) Importer(815301076,1909f56bfc062723c751e8b465ee728b)  -> (artifact id: 'cbe53139518b109816d8339654f6854f') in 0.007872 seconds
  Import took 0.017266 seconds .

========================================================================
Received Import Request.
  Time since last request: 0.002865 seconds.
  path: Assets/Scripts/Player/PlayerController.cs
  artifactKey: Guid(03f252a25adb632408035c07d4b84195) Importer(815301076,1909f56bfc062723c751e8b465ee728b)
Start importing Assets/Scripts/Player/PlayerController.cs using Guid(03f252a25adb632408035c07d4b84195) Importer(815301076,1909f56bfc062723c751e8b465ee728b)  -> (artifact id: 'cbe53139518b109816d8339654f6854f') in 0.006330 seconds
  Import took 0.011845 seconds .

========================================================================
Received Prepare
Registering precompiled user dll's ...
Registered in 0.002300 seconds.
Begin MonoManager ReloadAssembly
Native extension for WindowsStandalone target not found
Native extension for WebGL target not found
Refreshing native plugins compatible for Editor in 1.10 ms, found 1 plugins.
Preloading 0 native plugins for Editor in 0.00 ms.
Mono: successfully reloaded assembly
- Completed reload, in  0.971 seconds
Platform modules already initialized, skipping
Refreshing native plugins compatible for Editor in 1.48 ms, found 1 plugins.
Preloading 0 native plugins for Editor in 0.00 ms.
Unloading 1804 Unused Serialized files (Serialized files now loaded: 0)
System memory in use before: 94.7 MB.
System memory in use after: 94.8 MB.

Unloading 7 unused Assets to reduce memory usage. Loaded Objects now: 2338.
Total: 2.880100 ms (FindLiveObjects: 0.188700 ms CreateObjectMapping: 0.064400 ms MarkObjects: 2.606800 ms  DeleteObjects: 0.018500 ms)

========================================================================
Received Prepare
Registering precompiled user dll's ...
Registered in 0.002608 seconds.
Begin MonoManager ReloadAssembly
Native extension for WindowsStandalone target not found
Native extension for WebGL target not found
Refreshing native plugins compatible for Editor in 1.23 ms, found 1 plugins.
Preloading 0 native plugins for Editor in 0.00 ms.
Mono: successfully reloaded assembly
- Completed reload, in  0.937 seconds
Platform modules already initialized, skipping
Refreshing native plugins compatible for Editor in 1.09 ms, found 1 plugins.
Preloading 0 native plugins for Editor in 0.00 ms.
Unloading 1804 Unused Serialized files (Serialized files now loaded: 0)
System memory in use before: 94.7 MB.
System memory in use after: 94.8 MB.

Unloading 7 unused Assets to reduce memory usage. Loaded Objects now: 2341.
Total: 2.260600 ms (FindLiveObjects: 0.195500 ms CreateObjectMapping: 0.090200 ms MarkObjects: 1.957900 ms  DeleteObjects: 0.015800 ms)

========================================================================
Received Prepare
Registering precompiled user dll's ...
Registered in 0.002488 seconds.
Begin MonoManager ReloadAssembly
Native extension for WindowsStandalone target not found
Native extension for WebGL target not found
Refreshing native plugins compatible for Editor in 1.10 ms, found 1 plugins.
Preloading 0 native plugins for Editor in 0.00 ms.
Mono: successfully reloaded assembly
- Completed reload, in  0.989 seconds
Platform modules already initialized, skipping
Refreshing native plugins compatible for Editor in 1.84 ms, found 1 plugins.
Preloading 0 native plugins for Editor in 0.00 ms.
Unloading 1804 Unused Serialized files (Serialized files now loaded: 0)
System memory in use before: 94.7 MB.
System memory in use after: 94.8 MB.

Unloading 7 unused Assets to reduce memory usage. Loaded Objects now: 2344.
Total: 2.749000 ms (FindLiveObjects: 0.188100 ms CreateObjectMapping: 0.065500 ms MarkObjects: 2.472600 ms  DeleteObjects: 0.021100 ms)

========================================================================
Received Prepare
Registering precompiled user dll's ...
Registered in 0.002209 seconds.
Begin MonoManager ReloadAssembly
Native extension for WindowsStandalone target not found
Native extension for WebGL target not found
Refreshing native plugins compatible for Editor in 1.12 ms, found 1 plugins.
Preloading 0 native plugins for Editor in 0.00 ms.
Mono: successfully reloaded assembly
- Completed reload, in  0.961 seconds
Platform modules already initialized, skipping
Refreshing native plugins compatible for Editor in 1.13 ms, found 1 plugins.
Preloading 0 native plugins for Editor in 0.00 ms.
Unloading 1804 Unused Serialized files (Serialized files now loaded: 0)
System memory in use before: 94.7 MB.
System memory in use after: 94.8 MB.

Unloading 7 unused Assets to reduce memory usage. Loaded Objects now: 2347.
Total: 2.428400 ms (FindLiveObjects: 0.233900 ms CreateObjectMapping: 0.104700 ms MarkObjects: 2.066300 ms  DeleteObjects: 0.021800 ms)

========================================================================
Received Prepare
Registering precompiled user dll's ...
Registered in 0.002488 seconds.
Begin MonoManager ReloadAssembly
Native extension for WindowsStandalone target not found
Native extension for WebGL target not found
Refreshing native plugins compatible for Editor in 1.54 ms, found 1 plugins.
Preloading 0 native plugins for Editor in 0.00 ms.
Mono: successfully reloaded assembly
- Completed reload, in  0.955 seconds
Platform modules already initialized, skipping
Refreshing native plugins compatible for Editor in 1.12 ms, found 1 plugins.
Preloading 0 native plugins for Editor in 0.00 ms.
Unloading 1804 Unused Serialized files (Serialized files now loaded: 0)
System memory in use before: 94.7 MB.
System memory in use after: 94.8 MB.

Unloading 7 unused Assets to reduce memory usage. Loaded Objects now: 2350.
Total: 2.426500 ms (FindLiveObjects: 0.239000 ms CreateObjectMapping: 0.106300 ms MarkObjects: 2.059600 ms  DeleteObjects: 0.020300 ms)

========================================================================
Received Import Request.
  Time since last request: 896.169333 seconds.
  path: Assets/Scenes/IntroScene.unity
  artifactKey: Guid(6e7a06cace5ef8e458d8632d9898dc0f) Importer(815301076,1909f56bfc062723c751e8b465ee728b)
Start importing Assets/Scenes/IntroScene.unity using Guid(6e7a06cace5ef8e458d8632d9898dc0f) Importer(815301076,1909f56bfc062723c751e8b465ee728b)  -> (artifact id: '3a0a3a17b890984379b7453278d29f15') in 0.026441 seconds
  Import took 0.032391 seconds .

========================================================================
Received Prepare
Registering precompiled user dll's ...
Registered in 0.002298 seconds.
Begin MonoManager ReloadAssembly
Native extension for WindowsStandalone target not found
Native extension for WebGL target not found
Refreshing native plugins compatible for Editor in 1.22 ms, found 1 plugins.
Preloading 0 native plugins for Editor in 0.00 ms.
Mono: successfully reloaded assembly
- Completed reload, in  1.001 seconds
Platform modules already initialized, skipping
Refreshing native plugins compatible for Editor in 1.14 ms, found 1 plugins.
Preloading 0 native plugins for Editor in 0.00 ms.
Unloading 1804 Unused Serialized files (Serialized files now loaded: 0)
System memory in use before: 94.7 MB.
System memory in use after: 94.8 MB.

Unloading 7 unused Assets to reduce memory usage. Loaded Objects now: 2353.
Total: 2.161400 ms (FindLiveObjects: 0.161000 ms CreateObjectMapping: 0.057700 ms MarkObjects: 1.925000 ms  DeleteObjects: 0.016100 ms)

========================================================================
Received Prepare
Registering precompiled user dll's ...
Registered in 0.003217 seconds.
Begin MonoManager ReloadAssembly
Native extension for WindowsStandalone target not found
Native extension for WebGL target not found
Refreshing native plugins compatible for Editor in 1.80 ms, found 1 plugins.
Preloading 0 native plugins for Editor in 0.00 ms.
Mono: successfully reloaded assembly
- Completed reload, in  1.105 seconds
Platform modules already initialized, skipping
Refreshing native plugins compatible for Editor in 1.45 ms, found 1 plugins.
Preloading 0 native plugins for Editor in 0.00 ms.
Unloading 1804 Unused Serialized files (Serialized files now loaded: 0)
System memory in use before: 94.7 MB.
System memory in use after: 94.8 MB.

Unloading 7 unused Assets to reduce memory usage. Loaded Objects now: 2356.
Total: 2.754600 ms (FindLiveObjects: 0.192500 ms CreateObjectMapping: 0.060400 ms MarkObjects: 2.475000 ms  DeleteObjects: 0.025100 ms)

========================================================================
Received Prepare
Registering precompiled user dll's ...
Registered in 0.002472 seconds.
Begin MonoManager ReloadAssembly
Native extension for WindowsStandalone target not found
Native extension for WebGL target not found
Refreshing native plugins compatible for Editor in 1.24 ms, found 1 plugins.
Preloading 0 native plugins for Editor in 0.00 ms.
Mono: successfully reloaded assembly
- Completed reload, in  0.979 seconds
Platform modules already initialized, skipping
Refreshing native plugins compatible for Editor in 1.12 ms, found 1 plugins.
Preloading 0 native plugins for Editor in 0.00 ms.
Unloading 1804 Unused Serialized files (Serialized files now loaded: 0)
System memory in use before: 94.7 MB.
System memory in use after: 94.8 MB.

Unloading 7 unused Assets to reduce memory usage. Loaded Objects now: 2359.
Total: 3.174100 ms (FindLiveObjects: 0.211800 ms CreateObjectMapping: 0.074400 ms MarkObjects: 2.866600 ms  DeleteObjects: 0.019500 ms)

========================================================================
Received Prepare
Registering precompiled user dll's ...
Registered in 0.002502 seconds.
Begin MonoManager ReloadAssembly
Native extension for WindowsStandalone target not found
Native extension for WebGL target not found
Refreshing native plugins compatible for Editor in 1.74 ms, found 1 plugins.
Preloading 0 native plugins for Editor in 0.00 ms.
Mono: successfully reloaded assembly
- Completed reload, in  1.716 seconds
Platform modules already initialized, skipping
Refreshing native plugins compatible for Editor in 1.26 ms, found 1 plugins.
Preloading 0 native plugins for Editor in 0.00 ms.
Unloading 1804 Unused Serialized files (Serialized files now loaded: 0)
System memory in use before: 94.7 MB.
System memory in use after: 94.8 MB.

Unloading 7 unused Assets to reduce memory usage. Loaded Objects now: 2362.
Total: 3.505500 ms (FindLiveObjects: 0.746100 ms CreateObjectMapping: 0.177100 ms MarkObjects: 2.561000 ms  DeleteObjects: 0.018000 ms)

========================================================================
Received Prepare
Registering precompiled user dll's ...
Registered in 0.003921 seconds.
Begin MonoManager ReloadAssembly
Native extension for WindowsStandalone target not found
Native extension for WebGL target not found
Refreshing native plugins compatible for Editor in 1.33 ms, found 1 plugins.
Preloading 0 native plugins for Editor in 0.00 ms.
Mono: successfully reloaded assembly
- Completed reload, in  1.424 seconds
Platform modules already initialized, skipping
Refreshing native plugins compatible for Editor in 1.24 ms, found 1 plugins.
Preloading 0 native plugins for Editor in 0.00 ms.
Unloading 1804 Unused Serialized files (Serialized files now loaded: 0)
System memory in use before: 94.7 MB.
System memory in use after: 94.8 MB.

Unloading 7 unused Assets to reduce memory usage. Loaded Objects now: 2365.
Total: 2.485300 ms (FindLiveObjects: 0.181700 ms CreateObjectMapping: 0.071400 ms MarkObjects: 2.210800 ms  DeleteObjects: 0.020000 ms)

========================================================================
Received Prepare
Registering precompiled user dll's ...
Registered in 0.002359 seconds.
Begin MonoManager ReloadAssembly
Native extension for WindowsStandalone target not found
Native extension for WebGL target not found
Refreshing native plugins compatible for Editor in 1.28 ms, found 1 plugins.
Preloading 0 native plugins for Editor in 0.00 ms.
Mono: successfully reloaded assembly
- Completed reload, in  1.095 seconds
Platform modules already initialized, skipping
Refreshing native plugins compatible for Editor in 1.27 ms, found 1 plugins.
Preloading 0 native plugins for Editor in 0.00 ms.
Unloading 1804 Unused Serialized files (Serialized files now loaded: 0)
System memory in use before: 94.7 MB.
System memory in use after: 94.9 MB.

Unloading 7 unused Assets to reduce memory usage. Loaded Objects now: 2368.
Total: 2.390800 ms (FindLiveObjects: 0.190200 ms CreateObjectMapping: 0.060000 ms MarkObjects: 2.122200 ms  DeleteObjects: 0.017000 ms)

========================================================================
Received Prepare
Registering precompiled user dll's ...
Registered in 0.002353 seconds.
Begin MonoManager ReloadAssembly
Native extension for WindowsStandalone target not found
Native extension for WebGL target not found
Refreshing native plugins compatible for Editor in 3.14 ms, found 1 plugins.
Preloading 0 native plugins for Editor in 0.00 ms.
Mono: successfully reloaded assembly
- Completed reload, in  1.804 seconds
Platform modules already initialized, skipping
Refreshing native plugins compatible for Editor in 1.28 ms, found 1 plugins.
Preloading 0 native plugins for Editor in 0.00 ms.
Unloading 1804 Unused Serialized files (Serialized files now loaded: 0)
System memory in use before: 94.7 MB.
System memory in use after: 94.9 MB.

Unloading 7 unused Assets to reduce memory usage. Loaded Objects now: 2371.
Total: 2.369300 ms (FindLiveObjects: 0.183900 ms CreateObjectMapping: 0.070000 ms MarkObjects: 2.096200 ms  DeleteObjects: 0.017900 ms)

========================================================================
Received Prepare
Registering precompiled user dll's ...
Registered in 0.002278 seconds.
Begin MonoManager ReloadAssembly
Native extension for WindowsStandalone target not found
Native extension for WebGL target not found
Refreshing native plugins compatible for Editor in 1.29 ms, found 1 plugins.
Preloading 0 native plugins for Editor in 0.00 ms.
Mono: successfully reloaded assembly
- Completed reload, in  0.950 seconds
Platform modules already initialized, skipping
Refreshing native plugins compatible for Editor in 1.25 ms, found 1 plugins.
Preloading 0 native plugins for Editor in 0.00 ms.
Unloading 1804 Unused Serialized files (Serialized files now loaded: 0)
System memory in use before: 94.8 MB.
System memory in use after: 94.9 MB.

Unloading 7 unused Assets to reduce memory usage. Loaded Objects now: 2374.
Total: 2.497100 ms (FindLiveObjects: 0.218300 ms CreateObjectMapping: 0.062400 ms MarkObjects: 2.198600 ms  DeleteObjects: 0.016100 ms)

========================================================================
Received Prepare
Registering precompiled user dll's ...
Registered in 0.003775 seconds.
Begin MonoManager ReloadAssembly
Native extension for WindowsStandalone target not found
Native extension for WebGL target not found
Refreshing native plugins compatible for Editor in 1.25 ms, found 1 plugins.
Preloading 0 native plugins for Editor in 0.00 ms.
Mono: successfully reloaded assembly
- Completed reload, in  0.905 seconds
Platform modules already initialized, skipping
Refreshing native plugins compatible for Editor in 1.27 ms, found 1 plugins.
Preloading 0 native plugins for Editor in 0.00 ms.
Unloading 1804 Unused Serialized files (Serialized files now loaded: 0)
System memory in use before: 94.8 MB.
System memory in use after: 94.9 MB.

Unloading 7 unused Assets to reduce memory usage. Loaded Objects now: 2377.
Total: 2.423300 ms (FindLiveObjects: 0.189400 ms CreateObjectMapping: 0.059400 ms MarkObjects: 2.155900 ms  DeleteObjects: 0.017200 ms)

AssetImportWorkerClient::OnTransportError - code=2 error=End of file
