Using pre-set license
Built from '2020.3/staging' branch; Version is '2020.3.6f1 (338bb68529b2) revision 3378102'; Using compiler version '192528614'; Build Type 'Release'
OS: 'Windows 10 Home; OS build 19041.746; Version 2004; 64bit' Language: 'it' Physical Memory: 8089 MB
BatchMode: 1, IsHumanControllingUs: 0, StartBugReporterOnCrash: 0, Is64bit: 1, IsPro: 0

 COMMAND LINE ARGUMENTS:
C:\Program Files\Unity\Hub\Editor\2020.3.6f1\Editor\Unity.exe
-adb2
-batchMode
-noUpm
-name
AssetImportWorker0
-projectPath
C:/Users/ruber/PokemonMeme/unity2DPokemonMemeProject
-logFile
Logs/AssetImportWorker0.log
-srvPort
51520
Successfully changed project path to: C:/Users/ruber/PokemonMeme/unity2DPokemonMemeProject
C:/Users/ruber/PokemonMeme/unity2DPokemonMemeProject
Using Asset Import Pipeline V2.
Refreshing native plugins compatible for Editor in 66.22 ms, found 1 plugins.
Preloading 0 native plugins for Editor in 0.00 ms.
Initialize engine version: 2020.3.6f1 (338bb68529b2)
[Subsystems] Discovering subsystems at path C:/Program Files/Unity/Hub/Editor/2020.3.6f1/Editor/Data/Resources/UnitySubsystems
[Subsystems] Discovering subsystems at path C:/Users/ruber/PokemonMeme/unity2DPokemonMemeProject/Assets
GfxDevice: creating device client; threaded=0
Direct3D:
    Version:  Direct3D 11.0 [level 11.1]
    Renderer: Radeon (TM) 530 (ID=0x6900)
    Vendor:   
    VRAM:     4086 MB
    Driver:   26.20.15026.1
Initialize mono
Mono path[0] = 'C:/Program Files/Unity/Hub/Editor/2020.3.6f1/Editor/Data/Managed'
Mono path[1] = 'C:/Program Files/Unity/Hub/Editor/2020.3.6f1/Editor/Data/MonoBleedingEdge/lib/mono/unityjit'
Mono config path = 'C:/Program Files/Unity/Hub/Editor/2020.3.6f1/Editor/Data/MonoBleedingEdge/etc'
Using monoOptions --debugger-agent=transport=dt_socket,embedding=1,server=y,suspend=n,address=127.0.0.1:56560
Begin MonoManager ReloadAssembly
Registering precompiled unity dll's ...
Register platform support module: C:/Program Files/Unity/Hub/Editor/2020.3.6f1/Editor/Data/PlaybackEngines/WebGLSupport/UnityEditor.WebGL.Extensions.dll
Register platform support module: C:/Program Files/Unity/Hub/Editor/2020.3.6f1/Editor/Data/PlaybackEngines/WindowsStandaloneSupport/UnityEditor.WindowsStandalone.Extensions.dll
Registered in 0.003998 seconds.
Native extension for WindowsStandalone target not found
Native extension for WebGL target not found
Refreshing native plugins compatible for Editor in 49.20 ms, found 1 plugins.
Preloading 0 native plugins for Editor in 0.00 ms.
Mono: successfully reloaded assembly
- Completed reload, in  1.572 seconds
Platform modules already initialized, skipping
Registering precompiled user dll's ...
Registered in 0.001614 seconds.
Begin MonoManager ReloadAssembly
Native extension for WindowsStandalone target not found
Native extension for WebGL target not found
Refreshing native plugins compatible for Editor in 51.03 ms, found 1 plugins.
Preloading 0 native plugins for Editor in 0.00 ms.
Mono: successfully reloaded assembly
- Completed reload, in  1.177 seconds
Platform modules already initialized, skipping
========================================================================
Worker process is ready to serve import requests
Launched and connected shader compiler UnityShaderCompiler.exe after 0.06 seconds
Refreshing native plugins compatible for Editor in 0.84 ms, found 1 plugins.
Preloading 0 native plugins for Editor in 0.00 ms.
Unloading 1810 Unused Serialized files (Serialized files now loaded: 0)
System memory in use before: 85.0 MB.
System memory in use after: 85.0 MB.

Unloading 18 unused Assets to reduce memory usage. Loaded Objects now: 2254.
Total: 4.766000 ms (FindLiveObjects: 0.572600 ms CreateObjectMapping: 0.179000 ms MarkObjects: 2.628000 ms  DeleteObjects: 1.384500 ms)

========================================================================
Received Import Request.
  path: Assets/Scripts/Player
  artifactKey: Guid(f21e1d8037abf8d479d9510c3c815127) Importer(815301076,1909f56bfc062723c751e8b465ee728b)
Start importing Assets/Scripts/Player using Guid(f21e1d8037abf8d479d9510c3c815127) Importer(815301076,1909f56bfc062723c751e8b465ee728b)  -> (artifact id: '5d142e4ef5d1308bd6b4c9b02b608efb') in 0.022934 seconds
  Import took 0.028426 seconds .

========================================================================
Received Import Request.
  Time since last request: 0.000365 seconds.
  path: Assets/Scripts
  artifactKey: Guid(803a2320ef5dd514192232df24b6a3ab) Importer(815301076,1909f56bfc062723c751e8b465ee728b)
Start importing Assets/Scripts using Guid(803a2320ef5dd514192232df24b6a3ab) Importer(815301076,1909f56bfc062723c751e8b465ee728b)  -> (artifact id: '4af23d94ca6afaaf32e993bd9d5dbb90') in 0.008365 seconds
  Import took 0.015354 seconds .

========================================================================
Received Import Request.
  Time since last request: 0.151327 seconds.
  path: Assets/Scripts/Player/PlayerController.cs
  artifactKey: Guid(03f252a25adb632408035c07d4b84195) Importer(815301076,1909f56bfc062723c751e8b465ee728b)
Start importing Assets/Scripts/Player/PlayerController.cs using Guid(03f252a25adb632408035c07d4b84195) Importer(815301076,1909f56bfc062723c751e8b465ee728b)  -> (artifact id: 'ae432e574d3e565caa396bdefb196656') in 0.041285 seconds
  Import took 0.044968 seconds .

AssetImportWorkerClient::OnTransportError - code=2 error=End of file
